[debug] [2023-07-07T09:13:57.094Z] ----------------------------------------------------------------------
[debug] [2023-07-07T09:13:57.095Z] Command:       C:\Program Files\nodejs\node.exe C:\Program Files\nodejs\node_modules\firebase-tools\lib\bin\firebase.js deploy --only functions:deleteUserRecord
[debug] [2023-07-07T09:13:57.096Z] CLI Version:   12.4.2
[debug] [2023-07-07T09:13:57.096Z] Platform:      win32
[debug] [2023-07-07T09:13:57.096Z] Node Version:  v18.16.0
[debug] [2023-07-07T09:13:57.097Z] Time:          Fri Jul 07 2023 16:13:57 GMT+0700 (Western Indonesia Time)
[debug] [2023-07-07T09:13:57.097Z] ----------------------------------------------------------------------
[debug] 
[debug] [2023-07-07T09:13:57.162Z] > command requires scopes: ["email","openid","https://www.googleapis.com/auth/cloudplatformprojects.readonly","https://www.googleapis.com/auth/firebase","https://www.googleapis.com/auth/cloud-platform"]
[debug] [2023-07-07T09:13:57.162Z] > authorizing via signed-in user (rayhanprima99@gmail.com)
[debug] [2023-07-07T09:13:57.162Z] [iam] checking project fir-playground-d241c for permissions ["cloudfunctions.functions.create","cloudfunctions.functions.delete","cloudfunctions.functions.get","cloudfunctions.functions.list","cloudfunctions.functions.update","cloudfunctions.operations.get","firebase.projects.get"]
[debug] [2023-07-07T09:13:57.165Z] >>> [apiv2][query] POST https://cloudresourcemanager.googleapis.com/v1/projects/fir-playground-d241c:testIamPermissions [none]
[debug] [2023-07-07T09:13:57.165Z] >>> [apiv2][(partial)header] POST https://cloudresourcemanager.googleapis.com/v1/projects/fir-playground-d241c:testIamPermissions x-goog-quota-user=projects/fir-playground-d241c
[debug] [2023-07-07T09:13:57.165Z] >>> [apiv2][body] POST https://cloudresourcemanager.googleapis.com/v1/projects/fir-playground-d241c:testIamPermissions {"permissions":["cloudfunctions.functions.create","cloudfunctions.functions.delete","cloudfunctions.functions.get","cloudfunctions.functions.list","cloudfunctions.functions.update","cloudfunctions.operations.get","firebase.projects.get"]}
[debug] [2023-07-07T09:13:58.237Z] <<< [apiv2][status] POST https://cloudresourcemanager.googleapis.com/v1/projects/fir-playground-d241c:testIamPermissions 200
[debug] [2023-07-07T09:13:58.237Z] <<< [apiv2][body] POST https://cloudresourcemanager.googleapis.com/v1/projects/fir-playground-d241c:testIamPermissions {"permissions":["cloudfunctions.functions.create","cloudfunctions.functions.delete","cloudfunctions.functions.get","cloudfunctions.functions.list","cloudfunctions.functions.update","cloudfunctions.operations.get","firebase.projects.get"]}
[debug] [2023-07-07T09:13:58.238Z] >>> [apiv2][query] POST https://iam.googleapis.com/v1/projects/fir-playground-d241c/serviceAccounts/fir-playground-d241c@appspot.gserviceaccount.com:testIamPermissions [none]
[debug] [2023-07-07T09:13:58.238Z] >>> [apiv2][body] POST https://iam.googleapis.com/v1/projects/fir-playground-d241c/serviceAccounts/fir-playground-d241c@appspot.gserviceaccount.com:testIamPermissions {"permissions":["iam.serviceAccounts.actAs"]}
[debug] [2023-07-07T09:13:59.256Z] <<< [apiv2][status] POST https://iam.googleapis.com/v1/projects/fir-playground-d241c/serviceAccounts/fir-playground-d241c@appspot.gserviceaccount.com:testIamPermissions 200
[debug] [2023-07-07T09:13:59.256Z] <<< [apiv2][body] POST https://iam.googleapis.com/v1/projects/fir-playground-d241c/serviceAccounts/fir-playground-d241c@appspot.gserviceaccount.com:testIamPermissions {"permissions":["iam.serviceAccounts.actAs"]}
[info] 
[info] === Deploying to 'fir-playground-d241c'...
[info] 
[info] i  deploying functions 
[debug] [2023-07-07T09:13:59.261Z] >>> [apiv2][query] GET https://firebase.googleapis.com/v1beta1/projects/fir-playground-d241c [none]
[debug] [2023-07-07T09:13:59.592Z] <<< [apiv2][status] GET https://firebase.googleapis.com/v1beta1/projects/fir-playground-d241c 200
[debug] [2023-07-07T09:13:59.592Z] <<< [apiv2][body] GET https://firebase.googleapis.com/v1beta1/projects/fir-playground-d241c {"projectId":"fir-playground-d241c","projectNumber":"488327897026","displayName":"firebase-playground","name":"projects/fir-playground-d241c","resources":{"hostingSite":"fir-playground-d241c","realtimeDatabaseInstance":"fir-playground-d241c-default-rtdb","storageBucket":"fir-playground-d241c.appspot.com","locationId":"asia-southeast1"},"state":"ACTIVE","etag":"1_6dc38077-502a-46ae-8c08-6067e520bf63"}
[info] i  functions: preparing codebase default for deployment 
[info] i  functions: ensuring required API cloudfunctions.googleapis.com is enabled... 
[info] i  functions: ensuring required API cloudbuild.googleapis.com is enabled... 
[info] i  artifactregistry: ensuring required API artifactregistry.googleapis.com is enabled... 
[debug] [2023-07-07T09:13:59.594Z] >>> [apiv2][query] GET https://serviceusage.googleapis.com/v1/projects/fir-playground-d241c/services/cloudfunctions.googleapis.com [none]
[debug] [2023-07-07T09:13:59.594Z] >>> [apiv2][(partial)header] GET https://serviceusage.googleapis.com/v1/projects/fir-playground-d241c/services/cloudfunctions.googleapis.com x-goog-quota-user=projects/fir-playground-d241c
[debug] [2023-07-07T09:13:59.595Z] >>> [apiv2][query] GET https://serviceusage.googleapis.com/v1/projects/fir-playground-d241c/services/runtimeconfig.googleapis.com [none]
[debug] [2023-07-07T09:13:59.596Z] >>> [apiv2][(partial)header] GET https://serviceusage.googleapis.com/v1/projects/fir-playground-d241c/services/runtimeconfig.googleapis.com x-goog-quota-user=projects/fir-playground-d241c
[debug] [2023-07-07T09:13:59.597Z] >>> [apiv2][query] GET https://serviceusage.googleapis.com/v1/projects/fir-playground-d241c/services/cloudbuild.googleapis.com [none]
[debug] [2023-07-07T09:13:59.597Z] >>> [apiv2][(partial)header] GET https://serviceusage.googleapis.com/v1/projects/fir-playground-d241c/services/cloudbuild.googleapis.com x-goog-quota-user=projects/fir-playground-d241c
[debug] [2023-07-07T09:13:59.597Z] >>> [apiv2][query] GET https://serviceusage.googleapis.com/v1/projects/fir-playground-d241c/services/artifactregistry.googleapis.com [none]
[debug] [2023-07-07T09:13:59.598Z] >>> [apiv2][(partial)header] GET https://serviceusage.googleapis.com/v1/projects/fir-playground-d241c/services/artifactregistry.googleapis.com x-goog-quota-user=projects/fir-playground-d241c
[debug] [2023-07-07T09:14:01.101Z] <<< [apiv2][status] GET https://serviceusage.googleapis.com/v1/projects/fir-playground-d241c/services/runtimeconfig.googleapis.com 200
[debug] [2023-07-07T09:14:01.101Z] <<< [apiv2][body] GET https://serviceusage.googleapis.com/v1/projects/fir-playground-d241c/services/runtimeconfig.googleapis.com [omitted]
[debug] [2023-07-07T09:14:01.109Z] <<< [apiv2][status] GET https://serviceusage.googleapis.com/v1/projects/fir-playground-d241c/services/artifactregistry.googleapis.com 200
[debug] [2023-07-07T09:14:01.109Z] <<< [apiv2][body] GET https://serviceusage.googleapis.com/v1/projects/fir-playground-d241c/services/artifactregistry.googleapis.com [omitted]
[info] +  artifactregistry: required API artifactregistry.googleapis.com is enabled 
[debug] [2023-07-07T09:14:01.124Z] <<< [apiv2][status] GET https://serviceusage.googleapis.com/v1/projects/fir-playground-d241c/services/cloudbuild.googleapis.com 200
[debug] [2023-07-07T09:14:01.124Z] <<< [apiv2][body] GET https://serviceusage.googleapis.com/v1/projects/fir-playground-d241c/services/cloudbuild.googleapis.com [omitted]
[info] +  functions: required API cloudbuild.googleapis.com is enabled 
[debug] [2023-07-07T09:14:02.001Z] <<< [apiv2][status] GET https://serviceusage.googleapis.com/v1/projects/fir-playground-d241c/services/cloudfunctions.googleapis.com 200
[debug] [2023-07-07T09:14:02.001Z] <<< [apiv2][body] GET https://serviceusage.googleapis.com/v1/projects/fir-playground-d241c/services/cloudfunctions.googleapis.com [omitted]
[info] +  functions: required API cloudfunctions.googleapis.com is enabled 
[debug] [2023-07-07T09:14:02.001Z] >>> [apiv2][query] GET https://firebase.googleapis.com/v1beta1/projects/fir-playground-d241c/adminSdkConfig [none]
[debug] [2023-07-07T09:14:02.552Z] <<< [apiv2][status] GET https://firebase.googleapis.com/v1beta1/projects/fir-playground-d241c/adminSdkConfig 200
[debug] [2023-07-07T09:14:02.553Z] <<< [apiv2][body] GET https://firebase.googleapis.com/v1beta1/projects/fir-playground-d241c/adminSdkConfig {"projectId":"fir-playground-d241c","databaseURL":"https://fir-playground-d241c-default-rtdb.asia-southeast1.firebasedatabase.app","storageBucket":"fir-playground-d241c.appspot.com","locationId":"asia-southeast1"}
[debug] [2023-07-07T09:14:02.553Z] >>> [apiv2][query] GET https://runtimeconfig.googleapis.com/v1beta1/projects/fir-playground-d241c/configs [none]
[debug] [2023-07-07T09:14:02.905Z] <<< [apiv2][status] GET https://runtimeconfig.googleapis.com/v1beta1/projects/fir-playground-d241c/configs 200
[debug] [2023-07-07T09:14:02.906Z] <<< [apiv2][body] GET https://runtimeconfig.googleapis.com/v1beta1/projects/fir-playground-d241c/configs {}
